<?xml version="1.0" encoding="UTF-8"?>
<testng-results ignored="0" total="2" passed="1" failed="1" skipped="0">
  <reporter-output>
  </reporter-output>
  <suite started-at="2025-10-22T11:39:35 IST" name="Banking Suite" finished-at="2025-10-22T11:39:56 IST" duration-ms="21986">
    <groups>
      <group name="cucumber">
        <method signature="AbstractTestNGCucumberTests.runScenario(io.cucumber.testng.PickleWrapper,io.cucumber.testng.FeatureWrapper)[pri:0, instance:com.vin.automation.runners.BankTestRunner@4470fbd6]" name="runScenario" class="io.cucumber.testng.AbstractTestNGCucumberTests"/>
      </group> <!-- cucumber -->
    </groups>
    <test started-at="2025-10-22T11:39:35 IST" name="Cucumber" finished-at="2025-10-22T11:39:56 IST" duration-ms="21986">
      <class name="com.vin.automation.runners.BankTestRunner">
        <test-method is-config="true" signature="setUpClass(org.testng.ITestContext)[pri:0, instance:com.vin.automation.runners.BankTestRunner@4470fbd6]" started-at="2025-10-22T11:39:35 IST" name="setUpClass" finished-at="2025-10-22T11:39:35 IST" duration-ms="629" status="PASS">
          <params>
            <param index="0">
              <value>
                <![CDATA[org.testng.TestRunner@5d43661b]]>
              </value>
            </param>
          </params>
          <reporter-output>
          </reporter-output>
        </test-method> <!-- setUpClass -->
        <test-method signature="runScenario(io.cucumber.testng.PickleWrapper,io.cucumber.testng.FeatureWrapper)[pri:0, instance:com.vin.automation.runners.BankTestRunner@4470fbd6]" started-at="2025-10-22T11:39:35 IST" name="runScenario" description="Runs Cucumber Scenarios" data-provider="scenarios" finished-at="2025-10-22T11:39:48 IST" duration-ms="12487" status="FAIL">
          <params>
            <param index="0">
              <value>
                <![CDATA["Create customer and open account"]]>
              </value>
            </param>
            <param index="1">
              <value>
                <![CDATA["Banking flows - GlobalSQA demo"]]>
              </value>
            </param>
          </params>
          <exception class="java.lang.AssertionError">
            <message>
              <![CDATA[expected [Vinoth] but found [vinoth]]]>
            </message>
            <full-stacktrace>
              <![CDATA[java.lang.AssertionError: expected [Vinoth] but found [vinoth]
at org.testng.Assert.fail(Assert.java:111)
at org.testng.Assert.failNotEquals(Assert.java:1590)
at org.testng.Assert.assertEqualsImpl(Assert.java:150)
at org.testng.Assert.assertEquals(Assert.java:132)
at org.testng.Assert.assertEquals(Assert.java:656)
at org.testng.Assert.assertEquals(Assert.java:666)
at com.vin.automation.steps.UiSteps.verify_customer_in_list(UiSteps.java:47)
at âœ½.customer should be searchable by first name "Vinoth"(file:///C:/Users/490723/code/auto/banking-qa-framework/src/test/resources/features/banking_ui.feature:10)
]]>
            </full-stacktrace>
          </exception> <!-- java.lang.AssertionError -->
          <reporter-output>
          </reporter-output>
        </test-method> <!-- runScenario -->
        <test-method signature="runScenario(io.cucumber.testng.PickleWrapper,io.cucumber.testng.FeatureWrapper)[pri:0, instance:com.vin.automation.runners.BankTestRunner@4470fbd6]" started-at="2025-10-22T11:39:48 IST" name="runScenario" description="Runs Cucumber Scenarios" data-provider="scenarios" finished-at="2025-10-22T11:39:56 IST" duration-ms="8708" status="PASS">
          <params>
            <param index="0">
              <value>
                <![CDATA["Customer deposit and withdraw"]]>
              </value>
            </param>
            <param index="1">
              <value>
                <![CDATA["Banking flows - GlobalSQA demo"]]>
              </value>
            </param>
          </params>
          <reporter-output>
          </reporter-output>
        </test-method> <!-- runScenario -->
        <test-method is-config="true" signature="tearDownClass()[pri:0, instance:com.vin.automation.runners.BankTestRunner@4470fbd6]" started-at="2025-10-22T11:39:56 IST" name="tearDownClass" finished-at="2025-10-22T11:39:56 IST" duration-ms="103" status="PASS">
          <reporter-output>
          </reporter-output>
        </test-method> <!-- tearDownClass -->
      </class> <!-- com.vin.automation.runners.BankTestRunner -->
    </test> <!-- Cucumber -->
  </suite> <!-- Banking Suite -->
</testng-results>
